<?xml version="1.0" encoding="UTF-8"?>
<!-- Generated by org.testng.reporters.JUnitReportReporter -->
<testsuite hostname="DESKTOP-KB5IODC" failures="0" tests="2" name="runner.TestCases" time="54.952" errors="0" timestamp="2023-06-09T11:58:03 IST" skipped="0">
  <testcase classname="runner.TestCases" name="verifyInviteUserTestCase" time="26.525"/>
  <system-out>
    <![CDATA[Test started which method name is :   verifyInviteUserTestCase
Test Successfully Finished verifyInviteUserTestCase  And  Staus is:  1]]>
  </system-out>
  <testcase classname="runner.TestCases" name="verifyInvitedUsersIsInTheListTestCase" time="28.427"/>
  <system-out>
    <![CDATA[Test started which method name is :   verifyInvitedUsersIsInTheListTestCase
Test Successfully Finished verifyInvitedUsersIsInTheListTestCase  And  Staus is:  1]]>
  </system-out>
</testsuite> <!-- runner.TestCases -->
